0 info it worked if it ends with ok
1 verbose cli [ 'node', '/usr/local/bin/npm', 'run-script', 'build' ]
2 info using npm@2.10.1
3 info using node@v0.12.4
4 verbose node symlink /usr/local/bin/node
5 verbose run-script [ 'prebuild', 'build', 'postbuild' ]
6 info prebuild piersky@
7 info build piersky@
8 verbose unsafe-perm in lifecycle true
9 info piersky@ Failed to exec build script
10 verbose stack Error: piersky@ build: `browserify app/assets/javascripts/src/application.js -t babelify --extension=".js.jsx" -o app/assets/javascripts/dist/application.js`
10 verbose stack spawn ENOENT
10 verbose stack     at ChildProcess.<anonymous> (/usr/local/lib/node_modules/npm/lib/utils/spawn.js:17:16)
10 verbose stack     at ChildProcess.emit (events.js:110:17)
10 verbose stack     at maybeClose (child_process.js:1015:16)
10 verbose stack     at Process.ChildProcess._handle.onexit (child_process.js:1087:5)
11 verbose pkgid piersky@
12 verbose cwd /Users/gogo/dev/remote/github/piersky
13 error Darwin 13.4.0
14 error argv "node" "/usr/local/bin/npm" "run-script" "build"
15 error node v0.12.4
16 error npm  v2.10.1
17 error file sh
18 error code ELIFECYCLE
19 error errno ENOENT
20 error syscall spawn
21 error piersky@ build: `browserify app/assets/javascripts/src/application.js -t babelify --extension=".js.jsx" -o app/assets/javascripts/dist/application.js`
21 error spawn ENOENT
22 error Failed at the piersky@ build script 'browserify app/assets/javascripts/src/application.js -t babelify --extension=".js.jsx" -o app/assets/javascripts/dist/application.js'.
22 error This is most likely a problem with the piersky package,
22 error not with npm itself.
22 error Tell the author that this fails on your system:
22 error     browserify app/assets/javascripts/src/application.js -t babelify --extension=".js.jsx" -o app/assets/javascripts/dist/application.js
22 error You can get their info via:
22 error     npm owner ls piersky
22 error There is likely additional logging output above.
23 verbose exit [ 1, true ]
